Using pre-set license
Built from '2021.3/staging' branch; Version is '2021.3.25f1 (68ef2c4f8861) revision 6876972'; Using compiler version '192829333'; Build Type 'Release'
OS: 'Windows 11  (10.0.22621) 64bit CoreSingleLanguage' Language: 'en' Physical Memory: 16003 MB
BatchMode: 1, IsHumanControllingUs: 0, StartBugReporterOnCrash: 0, Is64bit: 1, IsPro: 1

COMMAND LINE ARGUMENTS:
C:\Program Files\Unity\Hub\Editor\2021.3.25f1\Editor\Unity.exe
-adb2
-batchMode
-noUpm
-name
AssetImportWorker1
-projectPath
D:/Projects/Unity/gemastik.game/Game Gemastik
-logFile
Logs/AssetImportWorker1.log
-srvPort
50519
Successfully changed project path to: D:/Projects/Unity/gemastik.game/Game Gemastik
D:/Projects/Unity/gemastik.game/Game Gemastik
[UnityMemory] Configuration Parameters - Can be set up in boot.config
    "memorysetup-bucket-allocator-granularity=16"
    "memorysetup-bucket-allocator-bucket-count=8"
    "memorysetup-bucket-allocator-block-size=33554432"
    "memorysetup-bucket-allocator-block-count=8"
    "memorysetup-main-allocator-block-size=16777216"
    "memorysetup-thread-allocator-block-size=16777216"
    "memorysetup-gfx-main-allocator-block-size=16777216"
    "memorysetup-gfx-thread-allocator-block-size=16777216"
    "memorysetup-cache-allocator-block-size=4194304"
    "memorysetup-typetree-allocator-block-size=2097152"
    "memorysetup-profiler-bucket-allocator-granularity=16"
    "memorysetup-profiler-bucket-allocator-bucket-count=8"
    "memorysetup-profiler-bucket-allocator-block-size=33554432"
    "memorysetup-profiler-bucket-allocator-block-count=8"
    "memorysetup-profiler-allocator-block-size=16777216"
    "memorysetup-profiler-editor-allocator-block-size=1048576"
    "memorysetup-temp-allocator-size-main=16777216"
    "memorysetup-job-temp-allocator-block-size=2097152"
    "memorysetup-job-temp-allocator-block-size-background=1048576"
    "memorysetup-job-temp-allocator-reduction-small-platforms=262144"
    "memorysetup-temp-allocator-size-background-worker=32768"
    "memorysetup-temp-allocator-size-job-worker=262144"
    "memorysetup-temp-allocator-size-preload-manager=33554432"
    "memorysetup-temp-allocator-size-nav-mesh-worker=65536"
    "memorysetup-temp-allocator-size-audio-worker=65536"
    "memorysetup-temp-allocator-size-cloud-worker=32768"
    "memorysetup-temp-allocator-size-gi-baking-worker=262144"
    "memorysetup-temp-allocator-size-gfx=262144"
Player connection [29216] Host "[IP] 192.168.1.3 [Port] 0 [Flags] 2 [Guid] 3205102980 [EditorId] 3205102980 [Version] 1048832 [Id] WindowsEditor(7,Zephyrus-G16) [Debug] 1 [PackageName] WindowsEditor [ProjectName] Editor" joined multi-casting on [225.0.0.222:54997]...

Player connection [29216] Host "[IP] 192.168.1.3 [Port] 0 [Flags] 2 [Guid] 3205102980 [EditorId] 3205102980 [Version] 1048832 [Id] WindowsEditor(7,Zephyrus-G16) [Debug] 1 [PackageName] WindowsEditor [ProjectName] Editor" joined alternative multi-casting on [225.0.0.222:34997]...

Refreshing native plugins compatible for Editor in 40.11 ms, found 3 plugins.
Preloading 0 native plugins for Editor in 0.00 ms.
Initialize engine version: 2021.3.25f1 (68ef2c4f8861)
[Subsystems] Discovering subsystems at path C:/Program Files/Unity/Hub/Editor/2021.3.25f1/Editor/Data/Resources/UnitySubsystems
[Subsystems] Discovering subsystems at path D:/Projects/Unity/gemastik.game/Game Gemastik/Assets
GfxDevice: creating device client; threaded=0; jobified=0
Direct3D:
    Version:  Direct3D 11.0 [level 11.1]
    Renderer: NVIDIA GeForce RTX 4070 Laptop GPU (ID=0x2860)
    Vendor:   NVIDIA
    VRAM:     7962 MB
    Driver:   31.0.15.3640
Initialize mono
Mono path[0] = 'C:/Program Files/Unity/Hub/Editor/2021.3.25f1/Editor/Data/Managed'
Mono path[1] = 'C:/Program Files/Unity/Hub/Editor/2021.3.25f1/Editor/Data/MonoBleedingEdge/lib/mono/unityjit-win32'
Mono config path = 'C:/Program Files/Unity/Hub/Editor/2021.3.25f1/Editor/Data/MonoBleedingEdge/etc'
Using monoOptions --debugger-agent=transport=dt_socket,embedding=1,server=y,suspend=n,address=127.0.0.1:56400
Begin MonoManager ReloadAssembly
Registering precompiled unity dll's ...
Register platform support module: C:/Program Files/Unity/Hub/Editor/2021.3.25f1/Editor/Data/PlaybackEngines/WindowsStandaloneSupport/UnityEditor.WindowsStandalone.Extensions.dll
Registered in 0.002564 seconds.
Native extension for WindowsStandalone target not found
Refreshing native plugins compatible for Editor in 37.06 ms, found 3 plugins.
Preloading 0 native plugins for Editor in 0.00 ms.
Mono: successfully reloaded assembly
- Completed reload, in  0.357 seconds
Domain Reload Profiling:
	ReloadAssembly (357ms)
		BeginReloadAssembly (53ms)
			ExecutionOrderSort (0ms)
			DisableScriptedObjects (0ms)
			BackupInstance (0ms)
			ReleaseScriptingObjects (0ms)
			CreateAndSetChildDomain (0ms)
		EndReloadAssembly (250ms)
			LoadAssemblies (52ms)
			RebuildTransferFunctionScriptingTraits (0ms)
			SetupTypeCache (60ms)
			ReleaseScriptCaches (0ms)
			RebuildScriptCaches (16ms)
			SetupLoadedEditorAssemblies (143ms)
				LogAssemblyErrors (0ms)
				InitializePlatformSupportModulesInManaged (5ms)
				SetLoadedEditorAssemblies (0ms)
				RefreshPlugins (37ms)
				BeforeProcessingInitializeOnLoad (1ms)
				ProcessInitializeOnLoadAttributes (70ms)
				ProcessInitializeOnLoadMethodAttributes (29ms)
				AfterProcessingInitializeOnLoad (0ms)
				EditorAssembliesLoaded (0ms)
			ExecutionOrderSort2 (0ms)
			AwakeInstancesAfterBackupRestoration (0ms)
Platform modules already initialized, skipping
Registering precompiled user dll's ...
Registered in 0.001705 seconds.
Begin MonoManager ReloadAssembly
Symbol file LoadedFromMemory doesn't match image D:\Projects\Unity\gemastik.game\Game Gemastik\Library\PackageCache\com.unity.visualscripting@1.8.0\Editor\VisualScripting.Core\Dependencies\YamlDotNet\Unity.VisualScripting.YamlDotNet.dll
Symbol file LoadedFromMemory doesn't match image D:\Projects\Unity\gemastik.game\Game Gemastik\Library\PackageCache\com.unity.visualscripting@1.8.0\Editor\VisualScripting.Core\Dependencies\DotNetZip\Unity.VisualScripting.IonicZip.dll
Native extension for WindowsStandalone target not found
Refreshing native plugins compatible for Editor in 0.43 ms, found 3 plugins.
Preloading 0 native plugins for Editor in 0.00 ms.
Mono: successfully reloaded assembly
- Completed reload, in  0.560 seconds
Domain Reload Profiling:
	ReloadAssembly (560ms)
		BeginReloadAssembly (77ms)
			ExecutionOrderSort (0ms)
			DisableScriptedObjects (3ms)
			BackupInstance (0ms)
			ReleaseScriptingObjects (0ms)
			CreateAndSetChildDomain (13ms)
		EndReloadAssembly (424ms)
			LoadAssemblies (61ms)
			RebuildTransferFunctionScriptingTraits (0ms)
			SetupTypeCache (149ms)
			ReleaseScriptCaches (0ms)
			RebuildScriptCaches (28ms)
			SetupLoadedEditorAssemblies (178ms)
				LogAssemblyErrors (0ms)
				InitializePlatformSupportModulesInManaged (4ms)
				SetLoadedEditorAssemblies (0ms)
				RefreshPlugins (0ms)
				BeforeProcessingInitializeOnLoad (39ms)
				ProcessInitializeOnLoadAttributes (121ms)
				ProcessInitializeOnLoadMethodAttributes (11ms)
				AfterProcessingInitializeOnLoad (3ms)
				EditorAssembliesLoaded (0ms)
			ExecutionOrderSort2 (0ms)
			AwakeInstancesAfterBackupRestoration (4ms)
Platform modules already initialized, skipping
========================================================================
Worker process is ready to serve import requests
Launched and connected shader compiler UnityShaderCompiler.exe after 0.03 seconds
Refreshing native plugins compatible for Editor in 1.19 ms, found 3 plugins.
Preloading 0 native plugins for Editor in 0.00 ms.
Unloading 3070 Unused Serialized files (Serialized files now loaded: 0)
Unloading 22 unused Assets / (56.4 KB). Loaded Objects now: 3532.
Memory consumption went from 108.1 MB to 108.0 MB.
Total: 2.594900 ms (FindLiveObjects: 0.289800 ms CreateObjectMapping: 0.087600 ms MarkObjects: 2.158700 ms  DeleteObjects: 0.057900 ms)

AssetImportParameters requested are different than current active one (requested -> active):
  custom:video-decoder-ogg-theora: a1e56fd34408186e4bbccfd4996cb3dc -> 
  custom:container-muxer-webm: aa71ff27fc2769a1b78a27578f13a17b -> 
  custom:container-demuxer-webm: 4f35f7cbe854078d1ac9338744f61a02 -> 
  custom:video-encoder-webm-vp8: eb34c28f22e8b96e1ab97ce403110664 -> 
  custom:video-codec-MediaFoundation-h265: 746d11721c4dcdbdad8f713fa42b33f4 -> 
  custom:audio-encoder-webm-vorbis: bf7c407c2cedff20999df2af8eb42d56 -> 
  custom:framework-win-MediaFoundation: 216162199b28c13a410421893ffa2e32 -> 
  custom:container-demuxer-ogg: 62fdf1f143b41e24485cea50d1cbac27 -> 
  custom:video-decoder-webm-vp8: 9c59270c3fd7afecdb556c50c9e8de78 -> 
  custom:audio-decoder-ogg-vorbis: bf7c407c2cedff20999df2af8eb42d56 -> 
========================================================================
Received Import Request.
  Time since last request: 515.193496 seconds.
  path: Assets/New Terrain.asset
  artifactKey: Guid(198ec3b4cc92d3b40896e3d379e329c5) Importer(815301076,1909f56bfc062723c751e8b465ee728b)
Start importing Assets/New Terrain.asset using Guid(198ec3b4cc92d3b40896e3d379e329c5) Importer(815301076,1909f56bfc062723c751e8b465ee728b)  -> (artifact id: '91fe7672ad0d680dcfba47b34f9bfa93') in 0.037491 seconds 
========================================================================
Received Import Request.
  Time since last request: 2832.860640 seconds.
  path: Assets/Materials/Gemastik/Place/Materials/Book Cover Texture_9.mat
  artifactKey: Guid(c1f949ef73360ae47994522931f13a59) Importer(815301076,1909f56bfc062723c751e8b465ee728b)
Start importing Assets/Materials/Gemastik/Place/Materials/Book Cover Texture_9.mat using Guid(c1f949ef73360ae47994522931f13a59) Importer(815301076,1909f56bfc062723c751e8b465ee728b)  -> (artifact id: '900575a879d932ef2b540d56d74d4a6b') in 0.222489 seconds 
========================================================================
Received Import Request.
  Time since last request: 0.000046 seconds.
  path: Assets/Materials/Gemastik/Place/Materials/Brick Wall Normal_3.mat
  artifactKey: Guid(b99e8bec5c2b2024eb362686a7c6ab8b) Importer(815301076,1909f56bfc062723c751e8b465ee728b)
Start importing Assets/Materials/Gemastik/Place/Materials/Brick Wall Normal_3.mat using Guid(b99e8bec5c2b2024eb362686a7c6ab8b) Importer(815301076,1909f56bfc062723c751e8b465ee728b)  -> (artifact id: 'e013d1c6dbabf67e1b5d23d6aba2b1c5') in 0.014834 seconds 
========================================================================
Received Import Request.
  Time since last request: 0.000046 seconds.
  path: Assets/Materials/Gemastik/Place/Materials/Brick Wall Texture_4.mat
  artifactKey: Guid(6a18229360e31984f93be0746a7fb81a) Importer(815301076,1909f56bfc062723c751e8b465ee728b)
Start importing Assets/Materials/Gemastik/Place/Materials/Brick Wall Texture_4.mat using Guid(6a18229360e31984f93be0746a7fb81a) Importer(815301076,1909f56bfc062723c751e8b465ee728b)  -> (artifact id: '8ad93d9d899d6f595fb28c6e3d21e6ec') in 0.014495 seconds 
========================================================================
Received Import Request.
  Time since last request: 66.561901 seconds.
  path: Assets/Models/Room/Material/Material.002.mat
  artifactKey: Guid(4bbe5695be43b4a44b3c9e7fa565652b) Importer(815301076,1909f56bfc062723c751e8b465ee728b)
Start importing Assets/Models/Room/Material/Material.002.mat using Guid(4bbe5695be43b4a44b3c9e7fa565652b) Importer(815301076,1909f56bfc062723c751e8b465ee728b)  -> (artifact id: '6871218bb075dff8d80e93800da897f4') in 0.015713 seconds 
========================================================================
Received Import Request.
  Time since last request: 0.000041 seconds.
  path: Assets/Models/Room/Material/Material.010.mat
  artifactKey: Guid(5806aefb2ef63014f96d2f36a02637d6) Importer(815301076,1909f56bfc062723c751e8b465ee728b)
Start importing Assets/Models/Room/Material/Material.010.mat using Guid(5806aefb2ef63014f96d2f36a02637d6) Importer(815301076,1909f56bfc062723c751e8b465ee728b)  -> (artifact id: '9e0880f226ee20dcce60e728a4cb9385') in 0.013221 seconds 
========================================================================
Received Import Request.
  Time since last request: 0.000026 seconds.
  path: Assets/Models/Room/Material/Material.019.mat
  artifactKey: Guid(f36b2928fdd7863439ddd0daab0b2d65) Importer(815301076,1909f56bfc062723c751e8b465ee728b)
Start importing Assets/Models/Room/Material/Material.019.mat using Guid(f36b2928fdd7863439ddd0daab0b2d65) Importer(815301076,1909f56bfc062723c751e8b465ee728b)  -> (artifact id: '21f6975fa4f208355f502fff0599cb9c') in 0.013881 seconds 
========================================================================
Received Import Request.
  Time since last request: 0.000025 seconds.
  path: Assets/Models/Room/Material/Material.025.mat
  artifactKey: Guid(4b77d1c0163bac64d8cf63e499405324) Importer(815301076,1909f56bfc062723c751e8b465ee728b)
Start importing Assets/Models/Room/Material/Material.025.mat using Guid(4b77d1c0163bac64d8cf63e499405324) Importer(815301076,1909f56bfc062723c751e8b465ee728b)  -> (artifact id: 'b6a9b6afda340a455f8a4f2a55e24f5b') in 0.012577 seconds 
========================================================================
Received Import Request.
  Time since last request: 0.000023 seconds.
  path: Assets/Models/Room/Material/Material.014.mat
  artifactKey: Guid(53b5c2bb10225624ba5442b8880efdfb) Importer(815301076,1909f56bfc062723c751e8b465ee728b)
Start importing Assets/Models/Room/Material/Material.014.mat using Guid(53b5c2bb10225624ba5442b8880efdfb) Importer(815301076,1909f56bfc062723c751e8b465ee728b)  -> (artifact id: '19cd207583a98491a7988f9a1235df3a') in 0.014597 seconds 
========================================================================
Received Import Request.
  Time since last request: 0.000023 seconds.
  path: Assets/Models/Room/Material/Material.018.mat
  artifactKey: Guid(1e88952267218b94db6ff676b2558b33) Importer(815301076,1909f56bfc062723c751e8b465ee728b)
Start importing Assets/Models/Room/Material/Material.018.mat using Guid(1e88952267218b94db6ff676b2558b33) Importer(815301076,1909f56bfc062723c751e8b465ee728b)  -> (artifact id: 'c8030e6786615f6d3c3d91c35127d4e4') in 0.010632 seconds 
========================================================================
Received Import Request.
  Time since last request: 0.000018 seconds.
  path: Assets/Models/Room/Material/Material.017.mat
  artifactKey: Guid(34cbcae403f39d44c88dd923b2bca373) Importer(815301076,1909f56bfc062723c751e8b465ee728b)
Start importing Assets/Models/Room/Material/Material.017.mat using Guid(34cbcae403f39d44c88dd923b2bca373) Importer(815301076,1909f56bfc062723c751e8b465ee728b)  -> (artifact id: 'ff37bb9389248cc5cf555e019ff54cb6') in 0.012049 seconds 
========================================================================
Received Import Request.
  Time since last request: 0.000022 seconds.
  path: Assets/Models/Room/Material/Material.009.mat
  artifactKey: Guid(a81bb60e0fe24d34684b715d13413001) Importer(815301076,1909f56bfc062723c751e8b465ee728b)
Start importing Assets/Models/Room/Material/Material.009.mat using Guid(a81bb60e0fe24d34684b715d13413001) Importer(815301076,1909f56bfc062723c751e8b465ee728b)  -> (artifact id: 'dacb0079d71aeb9de8d82f900cda5c01') in 0.012105 seconds 
========================================================================
Received Import Request.
  Time since last request: 0.000025 seconds.
  path: Assets/Models/Room/Material/Material.013.mat
  artifactKey: Guid(99c06c860d5e5b64c89215f3c6ce42eb) Importer(815301076,1909f56bfc062723c751e8b465ee728b)
Start importing Assets/Models/Room/Material/Material.013.mat using Guid(99c06c860d5e5b64c89215f3c6ce42eb) Importer(815301076,1909f56bfc062723c751e8b465ee728b)  -> (artifact id: '5daf23d2855b71581db9c0d59d3e7b5d') in 0.013658 seconds 
========================================================================
Received Import Request.
  Time since last request: 0.000022 seconds.
  path: Assets/Models/Room/Material/Material.005.mat
  artifactKey: Guid(daa5d39470884be448fd7f71ab759f32) Importer(815301076,1909f56bfc062723c751e8b465ee728b)
Start importing Assets/Models/Room/Material/Material.005.mat using Guid(daa5d39470884be448fd7f71ab759f32) Importer(815301076,1909f56bfc062723c751e8b465ee728b)  -> (artifact id: 'c1d50a808f8ce067a4b71909efbba70b') in 0.013488 seconds 
========================================================================
Received Import Request.
  Time since last request: 0.000016 seconds.
  path: Assets/Models/Room/Material/Material.007.mat
  artifactKey: Guid(e2d5913e48b4bdb4bb53c8b5520bf7e9) Importer(815301076,1909f56bfc062723c751e8b465ee728b)
Start importing Assets/Models/Room/Material/Material.007.mat using Guid(e2d5913e48b4bdb4bb53c8b5520bf7e9) Importer(815301076,1909f56bfc062723c751e8b465ee728b)  -> (artifact id: 'f76fb587315d273e0c28409cd274f8fa') in 0.012065 seconds 
Editor requested this worker to shutdown with reason: Scaling down because of idle timeout
AssetImportWorker is now disconnected from the server
Process exiting
Exiting without the bug reporter. Application will terminate with return code 0