Using pre-set license
Built from '2021.3/staging' branch; Version is '2021.3.25f1 (68ef2c4f8861) revision 6876972'; Using compiler version '192829333'; Build Type 'Release'
OS: 'Windows 11  (10.0.22621) 64bit CoreSingleLanguage' Language: 'en' Physical Memory: 16003 MB
BatchMode: 1, IsHumanControllingUs: 0, StartBugReporterOnCrash: 0, Is64bit: 1, IsPro: 1

COMMAND LINE ARGUMENTS:
C:\Program Files\Unity\Hub\Editor\2021.3.25f1\Editor\Unity.exe
-adb2
-batchMode
-noUpm
-name
AssetImportWorker0
-projectPath
D:/Projects/Unity/gemastik.game/Game Gemastik
-logFile
Logs/AssetImportWorker0.log
-srvPort
50519
Successfully changed project path to: D:/Projects/Unity/gemastik.game/Game Gemastik
D:/Projects/Unity/gemastik.game/Game Gemastik
[UnityMemory] Configuration Parameters - Can be set up in boot.config
    "memorysetup-bucket-allocator-granularity=16"
    "memorysetup-bucket-allocator-bucket-count=8"
    "memorysetup-bucket-allocator-block-size=33554432"
    "memorysetup-bucket-allocator-block-count=8"
    "memorysetup-main-allocator-block-size=16777216"
    "memorysetup-thread-allocator-block-size=16777216"
    "memorysetup-gfx-main-allocator-block-size=16777216"
    "memorysetup-gfx-thread-allocator-block-size=16777216"
    "memorysetup-cache-allocator-block-size=4194304"
    "memorysetup-typetree-allocator-block-size=2097152"
    "memorysetup-profiler-bucket-allocator-granularity=16"
    "memorysetup-profiler-bucket-allocator-bucket-count=8"
    "memorysetup-profiler-bucket-allocator-block-size=33554432"
    "memorysetup-profiler-bucket-allocator-block-count=8"
    "memorysetup-profiler-allocator-block-size=16777216"
    "memorysetup-profiler-editor-allocator-block-size=1048576"
    "memorysetup-temp-allocator-size-main=16777216"
    "memorysetup-job-temp-allocator-block-size=2097152"
    "memorysetup-job-temp-allocator-block-size-background=1048576"
    "memorysetup-job-temp-allocator-reduction-small-platforms=262144"
    "memorysetup-temp-allocator-size-background-worker=32768"
    "memorysetup-temp-allocator-size-job-worker=262144"
    "memorysetup-temp-allocator-size-preload-manager=33554432"
    "memorysetup-temp-allocator-size-nav-mesh-worker=65536"
    "memorysetup-temp-allocator-size-audio-worker=65536"
    "memorysetup-temp-allocator-size-cloud-worker=32768"
    "memorysetup-temp-allocator-size-gi-baking-worker=262144"
    "memorysetup-temp-allocator-size-gfx=262144"
Player connection [31452] Host "[IP] 192.168.1.3 [Port] 0 [Flags] 2 [Guid] 154374000 [EditorId] 154374000 [Version] 1048832 [Id] WindowsEditor(7,Zephyrus-G16) [Debug] 1 [PackageName] WindowsEditor [ProjectName] Editor" joined multi-casting on [225.0.0.222:54997]...

Player connection [31452] Host "[IP] 192.168.1.3 [Port] 0 [Flags] 2 [Guid] 154374000 [EditorId] 154374000 [Version] 1048832 [Id] WindowsEditor(7,Zephyrus-G16) [Debug] 1 [PackageName] WindowsEditor [ProjectName] Editor" joined alternative multi-casting on [225.0.0.222:34997]...

Refreshing native plugins compatible for Editor in 39.21 ms, found 3 plugins.
Preloading 0 native plugins for Editor in 0.00 ms.
Initialize engine version: 2021.3.25f1 (68ef2c4f8861)
[Subsystems] Discovering subsystems at path C:/Program Files/Unity/Hub/Editor/2021.3.25f1/Editor/Data/Resources/UnitySubsystems
[Subsystems] Discovering subsystems at path D:/Projects/Unity/gemastik.game/Game Gemastik/Assets
GfxDevice: creating device client; threaded=0; jobified=0
Direct3D:
    Version:  Direct3D 11.0 [level 11.1]
    Renderer: NVIDIA GeForce RTX 4070 Laptop GPU (ID=0x2860)
    Vendor:   NVIDIA
    VRAM:     7962 MB
    Driver:   31.0.15.3640
Initialize mono
Mono path[0] = 'C:/Program Files/Unity/Hub/Editor/2021.3.25f1/Editor/Data/Managed'
Mono path[1] = 'C:/Program Files/Unity/Hub/Editor/2021.3.25f1/Editor/Data/MonoBleedingEdge/lib/mono/unityjit-win32'
Mono config path = 'C:/Program Files/Unity/Hub/Editor/2021.3.25f1/Editor/Data/MonoBleedingEdge/etc'
Using monoOptions --debugger-agent=transport=dt_socket,embedding=1,server=y,suspend=n,address=127.0.0.1:56340
Begin MonoManager ReloadAssembly
Registering precompiled unity dll's ...
Register platform support module: C:/Program Files/Unity/Hub/Editor/2021.3.25f1/Editor/Data/PlaybackEngines/WindowsStandaloneSupport/UnityEditor.WindowsStandalone.Extensions.dll
Registered in 0.002526 seconds.
Native extension for WindowsStandalone target not found
Refreshing native plugins compatible for Editor in 37.06 ms, found 3 plugins.
Preloading 0 native plugins for Editor in 0.00 ms.
Mono: successfully reloaded assembly
- Completed reload, in  0.355 seconds
Domain Reload Profiling:
	ReloadAssembly (356ms)
		BeginReloadAssembly (52ms)
			ExecutionOrderSort (0ms)
			DisableScriptedObjects (0ms)
			BackupInstance (0ms)
			ReleaseScriptingObjects (0ms)
			CreateAndSetChildDomain (0ms)
		EndReloadAssembly (250ms)
			LoadAssemblies (52ms)
			RebuildTransferFunctionScriptingTraits (0ms)
			SetupTypeCache (60ms)
			ReleaseScriptCaches (0ms)
			RebuildScriptCaches (16ms)
			SetupLoadedEditorAssemblies (142ms)
				LogAssemblyErrors (0ms)
				InitializePlatformSupportModulesInManaged (5ms)
				SetLoadedEditorAssemblies (0ms)
				RefreshPlugins (37ms)
				BeforeProcessingInitializeOnLoad (1ms)
				ProcessInitializeOnLoadAttributes (70ms)
				ProcessInitializeOnLoadMethodAttributes (29ms)
				AfterProcessingInitializeOnLoad (0ms)
				EditorAssembliesLoaded (0ms)
			ExecutionOrderSort2 (0ms)
			AwakeInstancesAfterBackupRestoration (0ms)
Platform modules already initialized, skipping
Registering precompiled user dll's ...
Registered in 0.001792 seconds.
Begin MonoManager ReloadAssembly
Symbol file LoadedFromMemory doesn't match image D:\Projects\Unity\gemastik.game\Game Gemastik\Library\PackageCache\com.unity.visualscripting@1.8.0\Editor\VisualScripting.Core\Dependencies\YamlDotNet\Unity.VisualScripting.YamlDotNet.dll
Symbol file LoadedFromMemory doesn't match image D:\Projects\Unity\gemastik.game\Game Gemastik\Library\PackageCache\com.unity.visualscripting@1.8.0\Editor\VisualScripting.Core\Dependencies\DotNetZip\Unity.VisualScripting.IonicZip.dll
Native extension for WindowsStandalone target not found
Refreshing native plugins compatible for Editor in 0.36 ms, found 3 plugins.
Preloading 0 native plugins for Editor in 0.00 ms.
Mono: successfully reloaded assembly
- Completed reload, in  0.561 seconds
Domain Reload Profiling:
	ReloadAssembly (562ms)
		BeginReloadAssembly (75ms)
			ExecutionOrderSort (0ms)
			DisableScriptedObjects (3ms)
			BackupInstance (0ms)
			ReleaseScriptingObjects (0ms)
			CreateAndSetChildDomain (13ms)
		EndReloadAssembly (426ms)
			LoadAssemblies (60ms)
			RebuildTransferFunctionScriptingTraits (0ms)
			SetupTypeCache (149ms)
			ReleaseScriptCaches (0ms)
			RebuildScriptCaches (28ms)
			SetupLoadedEditorAssemblies (180ms)
				LogAssemblyErrors (0ms)
				InitializePlatformSupportModulesInManaged (3ms)
				SetLoadedEditorAssemblies (0ms)
				RefreshPlugins (0ms)
				BeforeProcessingInitializeOnLoad (39ms)
				ProcessInitializeOnLoadAttributes (123ms)
				ProcessInitializeOnLoadMethodAttributes (11ms)
				AfterProcessingInitializeOnLoad (3ms)
				EditorAssembliesLoaded (0ms)
			ExecutionOrderSort2 (0ms)
			AwakeInstancesAfterBackupRestoration (4ms)
Platform modules already initialized, skipping
========================================================================
Worker process is ready to serve import requests
Launched and connected shader compiler UnityShaderCompiler.exe after 0.03 seconds
Refreshing native plugins compatible for Editor in 1.04 ms, found 3 plugins.
Preloading 0 native plugins for Editor in 0.00 ms.
Unloading 3070 Unused Serialized files (Serialized files now loaded: 0)
Unloading 22 unused Assets / (56.4 KB). Loaded Objects now: 3532.
Memory consumption went from 108.1 MB to 108.1 MB.
Total: 3.131500 ms (FindLiveObjects: 0.219900 ms CreateObjectMapping: 0.070000 ms MarkObjects: 2.794000 ms  DeleteObjects: 0.046600 ms)

AssetImportParameters requested are different than current active one (requested -> active):
  custom:video-decoder-ogg-theora: a1e56fd34408186e4bbccfd4996cb3dc -> 
  custom:container-muxer-webm: aa71ff27fc2769a1b78a27578f13a17b -> 
  custom:container-demuxer-webm: 4f35f7cbe854078d1ac9338744f61a02 -> 
  custom:video-encoder-webm-vp8: eb34c28f22e8b96e1ab97ce403110664 -> 
  custom:video-codec-MediaFoundation-h265: 746d11721c4dcdbdad8f713fa42b33f4 -> 
  custom:audio-encoder-webm-vorbis: bf7c407c2cedff20999df2af8eb42d56 -> 
  custom:framework-win-MediaFoundation: 216162199b28c13a410421893ffa2e32 -> 
  custom:container-demuxer-ogg: 62fdf1f143b41e24485cea50d1cbac27 -> 
  custom:video-decoder-webm-vp8: 9c59270c3fd7afecdb556c50c9e8de78 -> 
  custom:audio-decoder-ogg-vorbis: bf7c407c2cedff20999df2af8eb42d56 -> 
========================================================================
Received Import Request.
  Time since last request: 2480.114444 seconds.
  path: Assets/Models/Room
  artifactKey: Guid(d2f490d1961c7064e9e43d66e8b9685f) Importer(815301076,1909f56bfc062723c751e8b465ee728b)
Start importing Assets/Models/Room using Guid(d2f490d1961c7064e9e43d66e8b9685f) Importer(815301076,1909f56bfc062723c751e8b465ee728b)  -> (artifact id: '8f8198628050b3c5117d15e62d127671') in 0.020517 seconds 
========================================================================
Received Import Request.
  Time since last request: 0.031157 seconds.
  path: Assets/Models/Room/Gemastik Low Poly.fbx
  artifactKey: Guid(02d22dd0948c0f247805489667ba8df8) Importer(815301076,1909f56bfc062723c751e8b465ee728b)
Start importing Assets/Models/Room/Gemastik Low Poly.fbx using Guid(02d22dd0948c0f247805489667ba8df8) Importer(815301076,1909f56bfc062723c751e8b465ee728b)  -> (artifact id: '80823038368535a83f53c0bd91d23d42') in 0.650343 seconds 
========================================================================
Received Import Request.
  Time since last request: 118.233280 seconds.
  path: Assets/Models/Room/Gemastik Low Poly.fbx
  artifactKey: Guid(02d22dd0948c0f247805489667ba8df8) Importer(815301076,1909f56bfc062723c751e8b465ee728b)
Start importing Assets/Models/Room/Gemastik Low Poly.fbx using Guid(02d22dd0948c0f247805489667ba8df8) Importer(815301076,1909f56bfc062723c751e8b465ee728b)  -> (artifact id: '7c82c57eaf188053439863f0e7703b3d') in 0.272658 seconds 
========================================================================
Received Import Request.
  Time since last request: 26.369708 seconds.
  path: Assets/Models/Room/Gemastik Low Poly.fbx
  artifactKey: Guid(02d22dd0948c0f247805489667ba8df8) Importer(815301076,1909f56bfc062723c751e8b465ee728b)
Start importing Assets/Models/Room/Gemastik Low Poly.fbx using Guid(02d22dd0948c0f247805489667ba8df8) Importer(815301076,1909f56bfc062723c751e8b465ee728b)  -> (artifact id: '3d380efe1a5b88702e263d53dd0738c2') in 0.209784 seconds 
========================================================================
Received Import Request.
  Time since last request: 45.653269 seconds.
  path: Assets/Models/Room/Gemastik Low Poly.fbx
  artifactKey: Guid(02d22dd0948c0f247805489667ba8df8) Importer(815301076,1909f56bfc062723c751e8b465ee728b)
Start importing Assets/Models/Room/Gemastik Low Poly.fbx using Guid(02d22dd0948c0f247805489667ba8df8) Importer(815301076,1909f56bfc062723c751e8b465ee728b)  -> (artifact id: 'b403a3fa3f7c3840b4f51d07081a50f2') in 0.219788 seconds 
========================================================================
Received Import Request.
  Time since last request: 77.773478 seconds.
  path: Assets/Models/Room/Gemastik Low Poly.fbx
  artifactKey: Guid(02d22dd0948c0f247805489667ba8df8) Importer(815301076,1909f56bfc062723c751e8b465ee728b)
Start importing Assets/Models/Room/Gemastik Low Poly.fbx using Guid(02d22dd0948c0f247805489667ba8df8) Importer(815301076,1909f56bfc062723c751e8b465ee728b)  -> (artifact id: '78a91f2f8703f0628c1c9d560ae68520') in 0.261724 seconds 
========================================================================
Received Import Request.
  Time since last request: 84.564566 seconds.
  path: Assets/Models/Room/Gemastik Low Poly.fbx
  artifactKey: Guid(02d22dd0948c0f247805489667ba8df8) Importer(815301076,1909f56bfc062723c751e8b465ee728b)
Start importing Assets/Models/Room/Gemastik Low Poly.fbx using Guid(02d22dd0948c0f247805489667ba8df8) Importer(815301076,1909f56bfc062723c751e8b465ee728b)  -> (artifact id: '0f814e100fbf4e26ab68e4269e9a2b79') in 0.177546 seconds 
========================================================================
Received Import Request.
  Time since last request: 95.732643 seconds.
  path: Assets/Models/Room/Gemastik Low Poly.fbx
  artifactKey: Guid(02d22dd0948c0f247805489667ba8df8) Importer(815301076,1909f56bfc062723c751e8b465ee728b)
Start importing Assets/Models/Room/Gemastik Low Poly.fbx using Guid(02d22dd0948c0f247805489667ba8df8) Importer(815301076,1909f56bfc062723c751e8b465ee728b)  -> (artifact id: '729f5a43c0094b3bbcd7c3fcee8931d0') in 0.279558 seconds 
========================================================================
Received Import Request.
  Time since last request: 0.741868 seconds.
  path: Assets/Models/Room/Material
  artifactKey: Guid(2bf062fa0eea55745a6018ae677a0ba5) Importer(815301076,1909f56bfc062723c751e8b465ee728b)
Start importing Assets/Models/Room/Material using Guid(2bf062fa0eea55745a6018ae677a0ba5) Importer(815301076,1909f56bfc062723c751e8b465ee728b)  -> (artifact id: 'a2d5673d4d66ece047665ac57e5eb589') in 0.007588 seconds 
========================================================================
Received Import Request.
  Time since last request: 0.036945 seconds.
  path: Assets/Models/Room/Material/Material.024.mat
  artifactKey: Guid(fe41a8c4c9375a147aaf396439cc15e9) Importer(815301076,1909f56bfc062723c751e8b465ee728b)
Start importing Assets/Models/Room/Material/Material.024.mat using Guid(fe41a8c4c9375a147aaf396439cc15e9) Importer(815301076,1909f56bfc062723c751e8b465ee728b)  -> (artifact id: 'a3703bffb66437cbedb8efc2f01539fd') in 0.010182 seconds 
========================================================================
Received Import Request.
  Time since last request: 68.565258 seconds.
  path: Assets/Models/Room/Gemastik Low Poly.fbx
  artifactKey: Guid(02d22dd0948c0f247805489667ba8df8) Importer(815301076,1909f56bfc062723c751e8b465ee728b)
Start importing Assets/Models/Room/Gemastik Low Poly.fbx using Guid(02d22dd0948c0f247805489667ba8df8) Importer(815301076,1909f56bfc062723c751e8b465ee728b)  -> (artifact id: '35170303765417d5ed25329c8739fd8e') in 0.192180 seconds 
========================================================================
Received Import Request.
  Time since last request: 29.081637 seconds.
  path: Assets/Models/Room/Gemastik Low Poly.fbx
  artifactKey: Guid(02d22dd0948c0f247805489667ba8df8) Importer(815301076,1909f56bfc062723c751e8b465ee728b)
Start importing Assets/Models/Room/Gemastik Low Poly.fbx using Guid(02d22dd0948c0f247805489667ba8df8) Importer(815301076,1909f56bfc062723c751e8b465ee728b)  -> (artifact id: '1e85320793feea80affe1ce4fd8f2c96') in 0.285768 seconds 
========================================================================
Received Import Request.
  Time since last request: 46.342791 seconds.
  path: Assets/Models/Room/Gemastik Low Poly.fbx
  artifactKey: Guid(02d22dd0948c0f247805489667ba8df8) Importer(815301076,1909f56bfc062723c751e8b465ee728b)
Start importing Assets/Models/Room/Gemastik Low Poly.fbx using Guid(02d22dd0948c0f247805489667ba8df8) Importer(815301076,1909f56bfc062723c751e8b465ee728b)  -> (artifact id: 'bc0ce9726a1384fc93c514a7c20fbcd6') in 0.223636 seconds 
========================================================================
Received Import Request.
  Time since last request: 31.922129 seconds.
  path: Assets/Models/Room/Gemastik Low Poly.fbx
  artifactKey: Guid(02d22dd0948c0f247805489667ba8df8) Importer(815301076,1909f56bfc062723c751e8b465ee728b)
Start importing Assets/Models/Room/Gemastik Low Poly.fbx using Guid(02d22dd0948c0f247805489667ba8df8) Importer(815301076,1909f56bfc062723c751e8b465ee728b)  -> (artifact id: 'ea10924300c74dd0ea7f20f39035c6cb') in 0.187815 seconds 
========================================================================
Received Import Request.
  Time since last request: 64.547791 seconds.
  path: Assets/Models/Room/Material/Kaca Jendela.mat
  artifactKey: Guid(5a42d0e4f33c9294599a521426105ee9) Importer(815301076,1909f56bfc062723c751e8b465ee728b)
Start importing Assets/Models/Room/Material/Kaca Jendela.mat using Guid(5a42d0e4f33c9294599a521426105ee9) Importer(815301076,1909f56bfc062723c751e8b465ee728b)  -> (artifact id: 'c8afbc14fc771ee2bafdbf6d3f444ff7') in 0.011413 seconds 
========================================================================
Received Import Request.
  Time since last request: 20.157152 seconds.
  path: Assets/Models/Room/Gemastik Low Poly.prefab
  artifactKey: Guid(254f7e1a8f458c74ab174a07c3aef232) Importer(815301076,1909f56bfc062723c751e8b465ee728b)
Start importing Assets/Models/Room/Gemastik Low Poly.prefab using Guid(254f7e1a8f458c74ab174a07c3aef232) Importer(815301076,1909f56bfc062723c751e8b465ee728b)  -> (artifact id: 'fad9933055f1678f4cceccb714da1bed') in 0.014374 seconds 
========================================================================
Received Import Request.
  Time since last request: 42.332756 seconds.
  path: Assets/Models/Room/Gemastik Low Poly.fbx
  artifactKey: Guid(02d22dd0948c0f247805489667ba8df8) Importer(815301076,1909f56bfc062723c751e8b465ee728b)
Start importing Assets/Models/Room/Gemastik Low Poly.fbx using Guid(02d22dd0948c0f247805489667ba8df8) Importer(815301076,1909f56bfc062723c751e8b465ee728b)  -> (artifact id: '5182b887ff279ca650c3b60e7326513a') in 0.235540 seconds 
========================================================================
Received Import Request.
  Time since last request: 45.976295 seconds.
  path: Assets/Models/Room/Gemastik Low Poly.fbx
  artifactKey: Guid(02d22dd0948c0f247805489667ba8df8) Importer(815301076,1909f56bfc062723c751e8b465ee728b)
Start importing Assets/Models/Room/Gemastik Low Poly.fbx using Guid(02d22dd0948c0f247805489667ba8df8) Importer(815301076,1909f56bfc062723c751e8b465ee728b)  -> (artifact id: '8f3fe4fa5bd0fab03732a9a6d612f43f') in 0.003152 seconds 
========================================================================
Received Import Request.
  Time since last request: 23.755906 seconds.
  path: Assets/Models/Room/Gemastik Low Poly.fbx
  artifactKey: Guid(02d22dd0948c0f247805489667ba8df8) Importer(815301076,1909f56bfc062723c751e8b465ee728b)
Start importing Assets/Models/Room/Gemastik Low Poly.fbx using Guid(02d22dd0948c0f247805489667ba8df8) Importer(815301076,1909f56bfc062723c751e8b465ee728b)  -> (artifact id: '3aa9eadf27d45d0862ff43b11085f753') in 0.264840 seconds 
========================================================================
Received Import Request.
  Time since last request: 12.812901 seconds.
  path: Assets/Models/Room/Material/Kaca.mat
  artifactKey: Guid(ef2d2ec80503dd24a95bc6603d3bc05f) Importer(815301076,1909f56bfc062723c751e8b465ee728b)
Start importing Assets/Models/Room/Material/Kaca.mat using Guid(ef2d2ec80503dd24a95bc6603d3bc05f) Importer(815301076,1909f56bfc062723c751e8b465ee728b)  -> (artifact id: '725c107eb0f31304eb49fec506e79f98') in 0.029086 seconds 
========================================================================
Received Import Request.
  Time since last request: 29.701096 seconds.
  path: Assets/Materials/Gemastik/Place/Home.fbx
  artifactKey: Guid(c7d39123e760e8e478f2fa2b9f8a3b78) Importer(815301076,1909f56bfc062723c751e8b465ee728b)
Start importing Assets/Materials/Gemastik/Place/Home.fbx using Guid(c7d39123e760e8e478f2fa2b9f8a3b78) Importer(815301076,1909f56bfc062723c751e8b465ee728b)  -> (artifact id: 'a341af8a08fc9d11635a7cb43d597ac2') in 0.312148 seconds 
========================================================================
Received Import Request.
  Time since last request: 5.394611 seconds.
  path: Assets/Models/Room/Gemastik Low Poly.fbx
  artifactKey: Guid(02d22dd0948c0f247805489667ba8df8) Importer(815301076,1909f56bfc062723c751e8b465ee728b)
Start importing Assets/Models/Room/Gemastik Low Poly.fbx using Guid(02d22dd0948c0f247805489667ba8df8) Importer(815301076,1909f56bfc062723c751e8b465ee728b)  -> (artifact id: '0056b844a5e87e0e65858b84e1bd1844') in 0.159387 seconds 
========================================================================
Received Import Request.
  Time since last request: 47.919608 seconds.
  path: Assets/Models/Room/Gemastik Low Poly.fbx
  artifactKey: Guid(02d22dd0948c0f247805489667ba8df8) Importer(815301076,1909f56bfc062723c751e8b465ee728b)
Start importing Assets/Models/Room/Gemastik Low Poly.fbx using Guid(02d22dd0948c0f247805489667ba8df8) Importer(815301076,1909f56bfc062723c751e8b465ee728b)  -> (artifact id: 'f713bb9f07b14ea2fc46ed71e639b796') in 0.136624 seconds 
========================================================================
Received Import Request.
  Time since last request: 11.259057 seconds.
  path: Assets/Models/Room/Gemastik Low Poly.fbx
  artifactKey: Guid(02d22dd0948c0f247805489667ba8df8) Importer(815301076,1909f56bfc062723c751e8b465ee728b)
Start importing Assets/Models/Room/Gemastik Low Poly.fbx using Guid(02d22dd0948c0f247805489667ba8df8) Importer(815301076,1909f56bfc062723c751e8b465ee728b)  -> (artifact id: 'c6572d02642bb93b312ba45d14579c09') in 0.112179 seconds 
========================================================================
Received Import Request.
  Time since last request: 1.519404 seconds.
  path: Assets/Models/Room/Material/Material.001.mat
  artifactKey: Guid(bf2e85316b8f2ba409457d7a6bd4746a) Importer(815301076,1909f56bfc062723c751e8b465ee728b)
Start importing Assets/Models/Room/Material/Material.001.mat using Guid(bf2e85316b8f2ba409457d7a6bd4746a) Importer(815301076,1909f56bfc062723c751e8b465ee728b)  -> (artifact id: 'f3d3ddea84c3ff3c277ad369be51edda') in 0.011061 seconds 
========================================================================
Received Import Request.
  Time since last request: 0.000038 seconds.
  path: Assets/Models/Room/Material/Material.003.mat
  artifactKey: Guid(b7bd4866d613da140ac10d097d61f86f) Importer(815301076,1909f56bfc062723c751e8b465ee728b)
Start importing Assets/Models/Room/Material/Material.003.mat using Guid(b7bd4866d613da140ac10d097d61f86f) Importer(815301076,1909f56bfc062723c751e8b465ee728b)  -> (artifact id: 'ee49171741524700799b03f81be8aad7') in 0.015864 seconds 
========================================================================
Received Import Request.
  Time since last request: 0.000026 seconds.
  path: Assets/Models/Room/Material/Material.006.mat
  artifactKey: Guid(97a37b77d86b9f445ac7163d0e11014a) Importer(815301076,1909f56bfc062723c751e8b465ee728b)
Start importing Assets/Models/Room/Material/Material.006.mat using Guid(97a37b77d86b9f445ac7163d0e11014a) Importer(815301076,1909f56bfc062723c751e8b465ee728b)  -> (artifact id: '8220c54f88d5c03f939431d58495327d') in 0.013913 seconds 
========================================================================
Received Import Request.
  Time since last request: 0.000020 seconds.
  path: Assets/Models/Room/Material/Material.026.mat
  artifactKey: Guid(d3eea9416b6d32d43b489cc6a0cdefdc) Importer(815301076,1909f56bfc062723c751e8b465ee728b)
Start importing Assets/Models/Room/Material/Material.026.mat using Guid(d3eea9416b6d32d43b489cc6a0cdefdc) Importer(815301076,1909f56bfc062723c751e8b465ee728b)  -> (artifact id: '03c24afb6e612b24c04fe2cc1bc0c38c') in 0.012282 seconds 
========================================================================
Received Import Request.
  Time since last request: 0.000031 seconds.
  path: Assets/Models/Room/Material/Material.012.mat
  artifactKey: Guid(070c28b644fa3564b83bf9fa7c5282ec) Importer(815301076,1909f56bfc062723c751e8b465ee728b)
Start importing Assets/Models/Room/Material/Material.012.mat using Guid(070c28b644fa3564b83bf9fa7c5282ec) Importer(815301076,1909f56bfc062723c751e8b465ee728b)  -> (artifact id: '588df97c013f0f177f4820da6f83d074') in 0.014792 seconds 
========================================================================
Received Import Request.
  Time since last request: 0.000013 seconds.
  path: Assets/Models/Room/Material/Material.020.mat
  artifactKey: Guid(38c3cb3ab8d4ea34586687d94ab33e7d) Importer(815301076,1909f56bfc062723c751e8b465ee728b)
Start importing Assets/Models/Room/Material/Material.020.mat using Guid(38c3cb3ab8d4ea34586687d94ab33e7d) Importer(815301076,1909f56bfc062723c751e8b465ee728b)  -> (artifact id: '949bec5e7bc391845308b750b17db8f8') in 0.011127 seconds 
========================================================================
Received Import Request.
  Time since last request: 0.000018 seconds.
  path: Assets/Models/Room/Material/Material.015.mat
  artifactKey: Guid(c47534bae11e7d74d937379bfdc9fd17) Importer(815301076,1909f56bfc062723c751e8b465ee728b)
Start importing Assets/Models/Room/Material/Material.015.mat using Guid(c47534bae11e7d74d937379bfdc9fd17) Importer(815301076,1909f56bfc062723c751e8b465ee728b)  -> (artifact id: '1d88971181171a9b5c1dab8d7aa0b9bd') in 0.015919 seconds 
========================================================================
Received Import Request.
  Time since last request: 0.000029 seconds.
  path: Assets/Models/Room/Material/Material.011.mat
  artifactKey: Guid(6de2ad04c843997439b93acb68d50f38) Importer(815301076,1909f56bfc062723c751e8b465ee728b)
Start importing Assets/Models/Room/Material/Material.011.mat using Guid(6de2ad04c843997439b93acb68d50f38) Importer(815301076,1909f56bfc062723c751e8b465ee728b)  -> (artifact id: 'ca9d8fd7046e032f5e121a61d847e43a') in 0.010432 seconds 
========================================================================
Received Import Request.
  Time since last request: 0.000058 seconds.
  path: Assets/Models/Room/Material/Material.008.mat
  artifactKey: Guid(65c809a8e5825174e9bcec0f0984a7a3) Importer(815301076,1909f56bfc062723c751e8b465ee728b)
Start importing Assets/Models/Room/Material/Material.008.mat using Guid(65c809a8e5825174e9bcec0f0984a7a3) Importer(815301076,1909f56bfc062723c751e8b465ee728b)  -> (artifact id: '8fcccb9efecefbbb5c001ec325b55fa2') in 0.012609 seconds 
========================================================================
Received Import Request.
  Time since last request: 0.000025 seconds.
  path: Assets/Models/Room/Material/Material.022.mat
  artifactKey: Guid(c32853c65d7f9c44aa3cb55deff498ec) Importer(815301076,1909f56bfc062723c751e8b465ee728b)
Start importing Assets/Models/Room/Material/Material.022.mat using Guid(c32853c65d7f9c44aa3cb55deff498ec) Importer(815301076,1909f56bfc062723c751e8b465ee728b)  -> (artifact id: '0ffc8b0b9cf68faf3002c0590e4f9d1b') in 0.011149 seconds 
========================================================================
Received Import Request.
  Time since last request: 0.000013 seconds.
  path: Assets/Models/Room/Material/Material.016.mat
  artifactKey: Guid(90a25b62c6f46df418cb65a1dcfb869d) Importer(815301076,1909f56bfc062723c751e8b465ee728b)
Start importing Assets/Models/Room/Material/Material.016.mat using Guid(90a25b62c6f46df418cb65a1dcfb869d) Importer(815301076,1909f56bfc062723c751e8b465ee728b)  -> (artifact id: '4ae2fa20cfd4539ec2dce07035f26b03') in 0.011331 seconds 
Editor requested this worker to shutdown with reason: Scaling down because of idle timeout
AssetImportWorker is now disconnected from the server
Process exiting
Exiting without the bug reporter. Application will terminate with return code 0